<?xml version="1.0" encoding="UTF-8"?>
<!-- Generated by org.testng.reporters.JUnitReportReporter -->
<testsuite skipped="0" hostname="phanitej" name="com.HRM.testCases.Tc_001_LoginIntoAppWithValidCreds" tests="3" failures="0" timestamp="16 Dec 2021 05:35:06 GMT" time="8.591" errors="0">
  <testcase name="set_LoginCredentials" time="0.522" classname="com.HRM.testCases.Tc_001_LoginIntoAppWithValidCreds"/>
  <testcase name="click_onLoginButton" time="8.022" classname="com.HRM.testCases.Tc_001_LoginIntoAppWithValidCreds"/>
  <testcase name="verifyTheTitle_AfterLogin" time="0.047" classname="com.HRM.testCases.Tc_001_LoginIntoAppWithValidCreds"/>
</testsuite> <!-- com.HRM.testCases.Tc_001_LoginIntoAppWithValidCreds -->
