<?xml version="1.0" encoding="UTF-8"?>
<!-- Generated by org.testng.reporters.JUnitReportReporter -->
<testsuite skipped="0" hostname="LAPTOP-FFS7NLNU" name="com.HRM.testCases.Tc_002_CreateNewEmployeeAndLoginWithNewEmployee" tests="5" failures="0" timestamp="03 Jul 2022 20:37:50 GMT" time="25.212" errors="0">
  <testcase name="set_LoginCredentials" time="0.287" classname="com.HRM.testCases.Tc_002_CreateNewEmployeeAndLoginWithNewEmployee"/>
  <testcase name="click_onLoginButton" time="6.691" classname="com.HRM.testCases.Tc_002_CreateNewEmployeeAndLoginWithNewEmployee"/>
  <testcase name="creatingNewUser" time="9.301" classname="com.HRM.testCases.Tc_002_CreateNewEmployeeAndLoginWithNewEmployee"/>
  <testcase name="logOutFromHRMApplication" time="6.602" classname="com.HRM.testCases.Tc_002_CreateNewEmployeeAndLoginWithNewEmployee"/>
  <testcase name="loginWithNewlyCreatedUser" time="2.331" classname="com.HRM.testCases.Tc_002_CreateNewEmployeeAndLoginWithNewEmployee"/>
</testsuite> <!-- com.HRM.testCases.Tc_002_CreateNewEmployeeAndLoginWithNewEmployee -->
